#
# A fatal error has been detected by the Java Runtime Environment:
#
#  EXCEPTION_ACCESS_VIOLATION (0xc0000005) at pc=0x0000000076a68ad5, pid=38788, tid=39780
#
# JRE version: Java(TM) SE Runtime Environment (8.0_73-b02) (build 1.8.0_73-b02)
# Java VM: Java HotSpot(TM) 64-Bit Server VM (25.73-b02 mixed mode windows-amd64 compressed oops)
# Problematic frame:
# V  [jvm.dll+0x128ad5]
#
# Failed to write core dump. Minidumps are not enabled by default on client versions of Windows
#
# If you would like to submit a bug report, please visit:
#   http://bugreport.java.com/bugreport/crash.jsp
#

---------------  T H R E A D  ---------------

Current thread (0x000000001e848000):  JavaThread "JDWP Transport Listener: dt_socket" daemon [_thread_in_vm, id=39780, stack(0x000000001ee50000,0x000000001ef50000)]

siginfo: ExceptionCode=0xc0000005, reading address 0xffffffffffffffff

Registers:
RAX=0x000000001ef4f601, RBX=0x000000001e848000, RCX=0x003b636e003b6c70, RDX=0x0000000000000000
RSP=0x000000001ef4f600, RBP=0x003b636e003b6c70, RSI=0x000000001ef4f718, RDI=0x0000000002a0dac0
R8 =0x000000001e848000, R9 =0x0000000000008000, R10=0x0000000000000000, R11=0x0000000031cb587a
R12=0x0000000000000000, R13=0x000000001e8520c8, R14=0x0000000000000000, R15=0x0000000000000000
RIP=0x0000000076a68ad5, EFLAGS=0x0000000000010202

Top of Stack: (sp=0x000000001ef4f600)
0x000000001ef4f600:   000000001e848000 000000001fbe6a70
0x000000001ef4f610:   000000001ef4f6c8 0000000076c6e34b
0x000000001ef4f620:   000000001e848000 0000000076c8abad
0x000000001ef4f630:   0000000000000000 0000000077a39155
0x000000001ef4f640:   00000000204c1ee8 0000000077a4291e
0x000000001ef4f650:   000000001e848000 0000000000000000
0x000000001ef4f660:   0000000000000000 0000000000000000
0x000000001ef4f670:   003b636e003b6c70 0000000077a41a15
0x000000001ef4f680:   000000001ef4f718 000000001ef4f6f0
0x000000001ef4f690:   0000000000000001 00000000204c1ee8
0x000000001ef4f6a0:   003b636e003b6c70 0000000077a253b3
0x000000001ef4f6b0:   000000001ef4f7e0 0000000000000001
0x000000001ef4f6c0:   0000000000000001 00000000204c1ee8
0x000000001ef4f6d0:   0000000000000001 0000000000000000
0x000000001ef4f6e0:   0000000000000000 0000000000000000
0x000000001ef4f6f0:   0000000000000001 0000000077a25571 

Instructions: (pc=0x0000000076a68ad5)
0x0000000076a68ab5:   cc cc cc cc cc cc cc cc cc cc cc 48 83 ec 28 48
0x0000000076a68ac5:   85 c9 75 07 33 c0 48 83 c4 28 c3 48 89 5c 24 20
0x0000000076a68ad5:   48 8b 19 48 85 db 74 20 48 83 fb 37 74 1a 48 8b
0x0000000076a68ae5:   13 48 8b cb ff 52 10 84 c0 74 0d 48 8b c3 48 8b 


Register to memory mapping:

RAX=0x000000001ef4f601 is pointing into the stack for thread: 0x000000001e848000
RBX=0x000000001e848000 is a thread
RCX=0x003b636e003b6c70 is an unknown value
RDX=0x0000000000000000 is an unknown value
RSP=0x000000001ef4f600 is pointing into the stack for thread: 0x000000001e848000
RBP=0x003b636e003b6c70 is an unknown value
RSI=0x000000001ef4f718 is pointing into the stack for thread: 0x000000001e848000
RDI=0x0000000002a0dac0 is an unknown value
R8 =0x000000001e848000 is a thread
R9 =0x0000000000008000 is an unknown value
R10=0x0000000000000000 is an unknown value
R11=0x0000000031cb587a is an unknown value
R12=0x0000000000000000 is an unknown value
R13=0x000000001e8520c8 is an unknown value
R14=0x0000000000000000 is an unknown value
R15=0x0000000000000000 is an unknown value


Stack: [0x000000001ee50000,0x000000001ef50000],  sp=0x000000001ef4f600,  free space=1021k
Native frames: (J=compiled Java code, j=interpreted, Vv=VM code, C=native code)
V  [jvm.dll+0x128ad5]
V  [jvm.dll+0x34abad]
C  [jdwp.dll+0x21a15]
C  [jdwp.dll+0x53b3]
C  [jdwp.dll+0x5571]
C  [jdwp.dll+0xf0a8]
C  [jdwp.dll+0x1f2d5]
C  [jdwp.dll+0x1f4aa]
V  [jvm.dll+0x1bbb58]
V  [jvm.dll+0x243234]
V  [jvm.dll+0x29a10a]
C  [msvcr100.dll+0x21d9f]
C  [msvcr100.dll+0x21e3b]
C  [KERNEL32.dll+0x13034]
C  [ntdll.dll+0x73691]


---------------  P R O C E S S  ---------------

Java Threads: ( => current thread )
  0x00000000207ad000 JavaThread "http-nio-8080-exec-3" daemon [_thread_blocked, id=37980, stack(0x000000002ea10000,0x000000002eb10000)]
  0x00000000207b0000 JavaThread "http-nio-8080-exec-2" daemon [_thread_blocked, id=37624, stack(0x000000002e810000,0x000000002e910000)]
  0x00000000207ac800 JavaThread "http-nio-8080-exec-1" daemon [_thread_blocked, id=37840, stack(0x000000002e710000,0x000000002e810000)]
  0x00000000207b1800 JavaThread "DestroyJavaVM" [_thread_blocked, id=37308, stack(0x0000000002900000,0x0000000002a00000)]
  0x00000000207b1000 JavaThread "http-nio-8080-Acceptor" daemon [_thread_in_native, id=38472, stack(0x000000002e410000,0x000000002e510000)]
  0x00000000207af800 JavaThread "http-nio-8080-Poller" daemon [_thread_in_native, id=38404, stack(0x000000002cbe0000,0x000000002cce0000)]
  0x00000000207ae000 JavaThread "HikariPool-1 housekeeper" daemon [_thread_blocked, id=23388, stack(0x000000002c9e0000,0x000000002cae0000)]
  0x000000001f81f000 JavaThread "mysql-cj-abandoned-connection-cleanup" daemon [_thread_blocked, id=33936, stack(0x000000002c7e0000,0x000000002c8e0000)]
  0x00000000203ae000 JavaThread "container-0" [_thread_blocked, id=38476, stack(0x000000002c6e0000,0x000000002c7e0000)]
  0x0000000026399800 JavaThread "Catalina-utility-2" [_thread_blocked, id=33324, stack(0x0000000029f50000,0x000000002a050000)]
  0x000000001f96d000 JavaThread "Catalina-utility-1" [_thread_blocked, id=37876, stack(0x0000000029e50000,0x0000000029f50000)]
  0x000000001f5c7800 JavaThread "Service Thread" daemon [_thread_blocked, id=39752, stack(0x0000000020100000,0x0000000020200000)]
  0x000000001f53f000 JavaThread "C1 CompilerThread3" daemon [_thread_blocked, id=39836, stack(0x0000000020000000,0x0000000020100000)]
  0x000000001f53e000 JavaThread "C2 CompilerThread2" daemon [_thread_blocked, id=39832, stack(0x000000001ff00000,0x0000000020000000)]
  0x000000001f539800 JavaThread "C2 CompilerThread1" daemon [_thread_blocked, id=39820, stack(0x000000001fe00000,0x000000001ff00000)]
  0x000000001ebfe800 JavaThread "C2 CompilerThread0" daemon [_thread_blocked, id=39816, stack(0x000000001fd00000,0x000000001fe00000)]
  0x000000001e855000 JavaThread "JDWP Command Reader" daemon [_thread_in_native, id=39796, stack(0x000000001f400000,0x000000001f500000)]
  0x000000001e854000 JavaThread "JDWP Event Helper Thread" daemon [_thread_blocked, id=39792, stack(0x000000001f300000,0x000000001f400000)]
=>0x000000001e848000 JavaThread "JDWP Transport Listener: dt_socket" daemon [_thread_in_vm, id=39780, stack(0x000000001ee50000,0x000000001ef50000)]
  0x000000001e83d000 JavaThread "Attach Listener" daemon [_thread_blocked, id=39168, stack(0x000000001ed10000,0x000000001ee10000)]
  0x000000001e83c800 JavaThread "Signal Dispatcher" daemon [_thread_blocked, id=39684, stack(0x000000001ec10000,0x000000001ed10000)]
  0x0000000002cb9800 JavaThread "Finalizer" daemon [_thread_blocked, id=39496, stack(0x000000001e620000,0x000000001e720000)]
  0x000000001c73d800 JavaThread "Reference Handler" daemon [_thread_blocked, id=30836, stack(0x000000001e520000,0x000000001e620000)]

Other Threads:
  0x000000001c738800 VMThread [stack: 0x000000001e420000,0x000000001e520000] [id=39408]
  0x000000001f587800 WatcherThread [stack: 0x0000000020200000,0x0000000020300000] [id=39844]

VM state:not at safepoint (normal execution)

VM Mutex/Monitor currently owned by a thread: None

Heap:
 PSYoungGen      total 258048K, used 47834K [0x000000076b380000, 0x000000077e580000, 0x00000007c0000000)
  eden space 240640K, 19% used [0x000000076b380000,0x000000076e236a38,0x0000000779e80000)
  from space 17408K, 0% used [0x000000077af00000,0x000000077af00000,0x000000077c000000)
  to   space 16896K, 0% used [0x0000000779e80000,0x0000000779e80000,0x000000077af00000)
 ParOldGen       total 211456K, used 19304K [0x00000006c1a00000, 0x00000006ce880000, 0x000000076b380000)
  object space 211456K, 9% used [0x00000006c1a00000,0x00000006c2cda008,0x00000006ce880000)
 Metaspace       used 58335K, capacity 61834K, committed 62128K, reserved 1103872K
  class space    used 7968K, capacity 8563K, committed 8624K, reserved 1048576K

Card table byte_map: [0x0000000012080000,0x0000000012880000] byte_map_base: 0x000000000ea73000

Marking Bits: (ParMarkBitMap*) 0x0000000077150600
 Begin Bits: [0x00000000135d0000, 0x0000000017568000)
 End Bits:   [0x0000000017568000, 0x000000001b500000)

Polling page: 0x0000000000bf0000

CodeCache: size=245760Kb used=14792Kb max_used=15391Kb free=230967Kb
 bounds [0x0000000002cc0000, 0x0000000003c00000, 0x0000000011cc0000]
 total_blobs=4277 nmethods=3749 adapters=448
 compilation: enabled

Compilation events (10 events):
Event: 521.281 Thread 0x000000001f53f000 4377       3       sun.nio.ch.SelectorImpl::select (34 bytes)
Event: 521.281 Thread 0x000000001f53f000 nmethod 4377 0x0000000002f3ea90 code [0x0000000002f3ec20, 0x0000000002f3ef38]
Event: 526.034 Thread 0x000000001f53e000 4380       4       java.util.concurrent.CopyOnWriteArrayList$COWIterator::hasNext (18 bytes)
Event: 526.034 Thread 0x000000001f53f000 4378       3       org.apache.catalina.webresources.Cache$EvictionOrder::compare (13 bytes)
Event: 526.034 Thread 0x000000001f53f000 nmethod 4378 0x00000000031d92d0 code [0x00000000031d9460, 0x00000000031d99b0]
Event: 526.034 Thread 0x000000001f53f000 4379       3       org.apache.catalina.webresources.Cache$EvictionOrder::compare (31 bytes)
Event: 526.034 Thread 0x000000001f53f000 nmethod 4379 0x00000000031d8cd0 code [0x00000000031d8e40, 0x00000000031d9150]
Event: 526.035 Thread 0x000000001f53e000 nmethod 4380 0x0000000002ff04d0 code [0x0000000002ff0600, 0x0000000002ff06b8]
Event: 537.840 Thread 0x000000001f53f000 4381       1       java.util.concurrent.locks.AbstractQueuedSynchronizer::compareAndSetWaitStatus (13 bytes)
Event: 537.840 Thread 0x000000001f53f000 nmethod 4381 0x0000000002f3e7d0 code [0x0000000002f3e920, 0x0000000002f3ea30]

GC Heap History (10 events):
Event: 5.800 GC heap before
{Heap before GC invocations=9 (full 2):
 PSYoungGen      total 143872K, used 6590K [0x000000076b380000, 0x0000000778a80000, 0x00000007c0000000)
  eden space 131584K, 0% used [0x000000076b380000,0x000000076b380000,0x0000000773400000)
  from space 12288K, 53% used [0x0000000773400000,0x0000000773a6f9a8,0x0000000774000000)
  to   space 11776K, 0% used [0x0000000777f00000,0x0000000777f00000,0x0000000778a80000)
 ParOldGen       total 112640K, used 7739K [0x00000006c1a00000, 0x00000006c8800000, 0x000000076b380000)
  object space 112640K, 6% used [0x00000006c1a00000,0x00000006c218ec10,0x00000006c8800000)
 Metaspace       used 33442K, capacity 35368K, committed 35496K, reserved 1081344K
  class space    used 4309K, capacity 4645K, committed 4656K, reserved 1048576K
Event: 5.864 GC heap after
Heap after GC invocations=9 (full 2):
 PSYoungGen      total 143872K, used 0K [0x000000076b380000, 0x0000000778a80000, 0x00000007c0000000)
  eden space 131584K, 0% used [0x000000076b380000,0x000000076b380000,0x0000000773400000)
  from space 12288K, 0% used [0x0000000773400000,0x0000000773400000,0x0000000774000000)
  to   space 11776K, 0% used [0x0000000777f00000,0x0000000777f00000,0x0000000778a80000)
 ParOldGen       total 168960K, used 10991K [0x00000006c1a00000, 0x00000006cbf00000, 0x000000076b380000)
  object space 168960K, 6% used [0x00000006c1a00000,0x00000006c24bbef8,0x00000006cbf00000)
 Metaspace       used 33442K, capacity 35368K, committed 35496K, reserved 1081344K
  class space    used 4309K, capacity 4645K, committed 4656K, reserved 1048576K
}
Event: 7.644 GC heap before
{Heap before GC invocations=10 (full 2):
 PSYoungGen      total 143872K, used 131584K [0x000000076b380000, 0x0000000778a80000, 0x00000007c0000000)
  eden space 131584K, 100% used [0x000000076b380000,0x0000000773400000,0x0000000773400000)
  from space 12288K, 0% used [0x0000000773400000,0x0000000773400000,0x0000000774000000)
  to   space 11776K, 0% used [0x0000000777f00000,0x0000000777f00000,0x0000000778a80000)
 ParOldGen       total 168960K, used 10991K [0x00000006c1a00000, 0x00000006cbf00000, 0x000000076b380000)
  object space 168960K, 6% used [0x00000006c1a00000,0x00000006c24bbef8,0x00000006cbf00000)
 Metaspace       used 43087K, capacity 45382K, committed 45616K, reserved 1089536K
  class space    used 5772K, capacity 6189K, committed 6192K, reserved 1048576K
Event: 7.659 GC heap after
Heap after GC invocations=10 (full 2):
 PSYoungGen      total 203264K, used 11451K [0x000000076b380000, 0x0000000778a80000, 0x00000007c0000000)
  eden space 191488K, 0% used [0x000000076b380000,0x000000076b380000,0x0000000776e80000)
  from space 11776K, 97% used [0x0000000777f00000,0x0000000778a2ee58,0x0000000778a80000)
  to   space 13312K, 0% used [0x0000000777080000,0x0000000777080000,0x0000000777d80000)
 ParOldGen       total 168960K, used 10999K [0x00000006c1a00000, 0x00000006cbf00000, 0x000000076b380000)
  object space 168960K, 6% used [0x00000006c1a00000,0x00000006c24bdef8,0x00000006cbf00000)
 Metaspace       used 43087K, capacity 45382K, committed 45616K, reserved 1089536K
  class space    used 5772K, capacity 6189K, committed 6192K, reserved 1048576K
}
Event: 10.459 GC heap before
{Heap before GC invocations=11 (full 2):
 PSYoungGen      total 203264K, used 202939K [0x000000076b380000, 0x0000000778a80000, 0x00000007c0000000)
  eden space 191488K, 100% used [0x000000076b380000,0x0000000776e80000,0x0000000776e80000)
  from space 11776K, 97% used [0x0000000777f00000,0x0000000778a2ee58,0x0000000778a80000)
  to   space 13312K, 0% used [0x0000000777080000,0x0000000777080000,0x0000000777d80000)
 ParOldGen       total 168960K, used 10999K [0x00000006c1a00000, 0x00000006cbf00000, 0x000000076b380000)
  object space 168960K, 6% used [0x00000006c1a00000,0x00000006c24bdef8,0x00000006cbf00000)
 Metaspace       used 55626K, capacity 58916K, committed 59160K, reserved 1099776K
  class space    used 7589K, capacity 8116K, committed 8240K, reserved 1048576K
Event: 10.481 GC heap after
Heap after GC invocations=11 (full 2):
 PSYoungGen      total 206848K, used 13294K [0x000000076b380000, 0x000000077c000000, 0x00000007c0000000)
  eden space 193536K, 0% used [0x000000076b380000,0x000000076b380000,0x0000000777080000)
  from space 13312K, 99% used [0x0000000777080000,0x0000000777d7b8d8,0x0000000777d80000)
  to   space 17408K, 0% used [0x000000077af00000,0x000000077af00000,0x000000077c000000)
 ParOldGen       total 168960K, used 16931K [0x00000006c1a00000, 0x00000006cbf00000, 0x000000076b380000)
  object space 168960K, 10% used [0x00000006c1a00000,0x00000006c2a88dc0,0x00000006cbf00000)
 Metaspace       used 55626K, capacity 58916K, committed 59160K, reserved 1099776K
  class space    used 7589K, capacity 8116K, committed 8240K, reserved 1048576K
}
Event: 10.522 GC heap before
{Heap before GC invocations=12 (full 2):
 PSYoungGen      total 206848K, used 16898K [0x000000076b380000, 0x000000077c000000, 0x00000007c0000000)
  eden space 193536K, 1% used [0x000000076b380000,0x000000076b704fb8,0x0000000777080000)
  from space 13312K, 99% used [0x0000000777080000,0x0000000777d7b8d8,0x0000000777d80000)
  to   space 17408K, 0% used [0x000000077af00000,0x000000077af00000,0x000000077c000000)
 ParOldGen       total 168960K, used 16931K [0x00000006c1a00000, 0x00000006cbf00000, 0x000000076b380000)
  object space 168960K, 10% used [0x00000006c1a00000,0x00000006c2a88dc0,0x00000006cbf00000)
 Metaspace       used 55801K, capacity 59050K, committed 59160K, reserved 1099776K
  class space    used 7612K, capacity 8161K, committed 8240K, reserved 1048576K
Event: 10.531 GC heap after
Heap after GC invocations=12 (full 2):
 PSYoungGen      total 258048K, used 9494K [0x000000076b380000, 0x000000077e580000, 0x00000007c0000000)
  eden space 240640K, 0% used [0x000000076b380000,0x000000076b380000,0x0000000779e80000)
  from space 17408K, 54% used [0x000000077af00000,0x000000077b8459d0,0x000000077c000000)
  to   space 16896K, 0% used [0x0000000779e80000,0x0000000779e80000,0x000000077af00000)
 ParOldGen       total 168960K, used 16939K [0x00000006c1a00000, 0x00000006cbf00000, 0x000000076b380000)
  object space 168960K, 10% used [0x00000006c1a00000,0x00000006c2a8adc0,0x00000006cbf00000)
 Metaspace       used 55801K, capacity 59050K, committed 59160K, reserved 1099776K
  class space    used 7612K, capacity 8161K, committed 8240K, reserved 1048576K
}
Event: 10.531 GC heap before
{Heap before GC invocations=13 (full 3):
 PSYoungGen      total 258048K, used 9494K [0x000000076b380000, 0x000000077e580000, 0x00000007c0000000)
  eden space 240640K, 0% used [0x000000076b380000,0x000000076b380000,0x0000000779e80000)
  from space 17408K, 54% used [0x000000077af00000,0x000000077b8459d0,0x000000077c000000)
  to   space 16896K, 0% used [0x0000000779e80000,0x0000000779e80000,0x000000077af00000)
 ParOldGen       total 168960K, used 16939K [0x00000006c1a00000, 0x00000006cbf00000, 0x000000076b380000)
  object space 168960K, 10% used [0x00000006c1a00000,0x00000006c2a8adc0,0x00000006cbf00000)
 Metaspace       used 55801K, capacity 59050K, committed 59160K, reserved 1099776K
  class space    used 7612K, capacity 8161K, committed 8240K, reserved 1048576K
Event: 10.741 GC heap after
Heap after GC invocations=13 (full 3):
 PSYoungGen      total 258048K, used 0K [0x000000076b380000, 0x000000077e580000, 0x00000007c0000000)
  eden space 240640K, 0% used [0x000000076b380000,0x000000076b380000,0x0000000779e80000)
  from space 17408K, 0% used [0x000000077af00000,0x000000077af00000,0x000000077c000000)
  to   space 16896K, 0% used [0x0000000779e80000,0x0000000779e80000,0x000000077af00000)
 ParOldGen       total 211456K, used 19304K [0x00000006c1a00000, 0x00000006ce880000, 0x000000076b380000)
  object space 211456K, 9% used [0x00000006c1a00000,0x00000006c2cda008,0x00000006ce880000)
 Metaspace       used 55801K, capacity 59050K, committed 59160K, reserved 1099776K
  class space    used 7612K, capacity 8161K, committed 8240K, reserved 1048576K
}

Deoptimization events (10 events):
Event: 169.139 Thread 0x00000000207ac800 Uncommon trap: reason=unhandled action=none pc=0x00000000032cfd60 method=java.net.URLClassLoader.findClass(Ljava/lang/String;)Ljava/lang/Class; @ 44
Event: 169.140 Thread 0x00000000207ac800 Uncommon trap: reason=unhandled action=none pc=0x00000000032cfd60 method=java.net.URLClassLoader.findClass(Ljava/lang/String;)Ljava/lang/Class; @ 44
Event: 169.141 Thread 0x00000000207ac800 Uncommon trap: reason=unhandled action=none pc=0x00000000032cfd60 method=java.net.URLClassLoader.findClass(Ljava/lang/String;)Ljava/lang/Class; @ 44
Event: 169.141 Thread 0x00000000207ac800 Uncommon trap: reason=range_check action=none pc=0x000000000301c1e4 method=sun.reflect.generics.parser.SignatureParser.current()C @ 34
Event: 169.142 Thread 0x00000000207ac800 Uncommon trap: reason=unhandled action=none pc=0x00000000032cfd60 method=java.net.URLClassLoader.findClass(Ljava/lang/String;)Ljava/lang/Class; @ 44
Event: 169.142 Thread 0x00000000207ac800 Uncommon trap: reason=unhandled action=none pc=0x00000000032cfd60 method=java.net.URLClassLoader.findClass(Ljava/lang/String;)Ljava/lang/Class; @ 44
Event: 169.143 Thread 0x00000000207ac800 Uncommon trap: reason=unhandled action=none pc=0x00000000032cfd60 method=java.net.URLClassLoader.findClass(Ljava/lang/String;)Ljava/lang/Class; @ 44
Event: 169.144 Thread 0x00000000207ac800 Uncommon trap: reason=unhandled action=none pc=0x00000000032cfd60 method=java.net.URLClassLoader.findClass(Ljava/lang/String;)Ljava/lang/Class; @ 44
Event: 169.145 Thread 0x00000000207ac800 Uncommon trap: reason=unhandled action=none pc=0x00000000032cfd60 method=java.net.URLClassLoader.findClass(Ljava/lang/String;)Ljava/lang/Class; @ 44
Event: 169.146 Thread 0x00000000207ac800 Uncommon trap: reason=unhandled action=none pc=0x00000000032cfd60 method=java.net.URLClassLoader.findClass(Ljava/lang/String;)Ljava/lang/Class; @ 44

Internal exceptions (10 events):
Event: 50.292 Thread 0x00000000207ac800 Exception <a 'java/lang/NoSuchMethodError': java.lang.Object.lambda$null$5(Ljava/util/function/BiFunction;Ljava/lang/Object;Ljava/lang/Object;)Ljava/lang/Object;> (0x000000076d0e1a78) thrown at [D:\re\puppet\workspace\8-2-build-windows-amd64-cygwin\jdk8u73ŽMñÞ@`@
Event: 130.027 Thread 0x00000000207ac800 Exception <a 'java/lang/reflect/InvocationTargetException'> (0x000000076d362ab8) thrown at [D:\re\puppet\workspace\8-2-build-windows-amd64-cygwin\jdk8u73\6086\hotspot\src\share\vm\runtime\reflection.cpp, line 1092]
Event: 169.062 Thread 0x00000000207ac800 Exception <a 'java/lang/ArrayIndexOutOfBoundsException': 137> (0x000000076d513160) thrown at [D:\re\puppet\workspace\8-2-build-windows-amd64-cygwin\jdk8u73\6086\hotspot\src\share\vm\interpreter\interpreterRuntime.cpp, line 366]
Event: 169.062 Thread 0x00000000207ac800 Exception <a 'java/lang/ArrayIndexOutOfBoundsException': 64> (0x000000076d514600) thrown at [D:\re\puppet\workspace\8-2-build-windows-amd64-cygwin\jdk8u73\6086\hotspot\src\share\vm\interpreter\interpreterRuntime.cpp, line 366]
Event: 169.073 Thread 0x00000000207ac800 Exception <a 'java/lang/ArrayIndexOutOfBoundsException': 139> (0x000000076d5fd070) thrown at [D:\re\puppet\workspace\8-2-build-windows-amd64-cygwin\jdk8u73\6086\hotspot\src\share\vm\interpreter\interpreterRuntime.cpp, line 366]
Event: 169.074 Thread 0x00000000207ac800 Exception <a 'java/lang/ArrayIndexOutOfBoundsException': 78> (0x000000076d60cbf8) thrown at [D:\re\puppet\workspace\8-2-build-windows-amd64-cygwin\jdk8u73\6086\hotspot\src\share\vm\interpreter\interpreterRuntime.cpp, line 366]
Event: 169.074 Thread 0x00000000207ac800 Exception <a 'java/lang/ArrayIndexOutOfBoundsException': 83> (0x000000076d61bb70) thrown at [D:\re\puppet\workspace\8-2-build-windows-amd64-cygwin\jdk8u73\6086\hotspot\src\share\vm\interpreter\interpreterRuntime.cpp, line 366]
Event: 169.112 Thread 0x00000000207ac800 Exception <a 'java/lang/ArrayIndexOutOfBoundsException': 101> (0x000000076d957b98) thrown at [D:\re\puppet\workspace\8-2-build-windows-amd64-cygwin\jdk8u73\6086\hotspot\src\share\vm\interpreter\interpreterRuntime.cpp, line 366]
Event: 169.135 Thread 0x00000000207ac800 Exception <a 'java/lang/ArrayIndexOutOfBoundsException': 149> (0x000000076dc2f388) thrown at [D:\re\puppet\workspace\8-2-build-windows-amd64-cygwin\jdk8u73\6086\hotspot\src\share\vm\interpreter\interpreterRuntime.cpp, line 366]
Event: 169.142 Thread 0x00000000207ac800 Exception <a 'java/lang/ArrayIndexOutOfBoundsException': 61> (0x000000076dcb6fb0) thrown at [D:\re\puppet\workspace\8-2-build-windows-amd64-cygwin\jdk8u73\6086\hotspot\src\share\vm\interpreter\interpreterRuntime.cpp, line 366]

Events (10 events):
Event: 169.147 loading class org/springframework/web/context/request/WebRequest done
Event: 169.148 loading class org/springframework/web/method/annotation/SessionAttributesHandler
Event: 169.148 loading class org/springframework/web/method/annotation/SessionAttributesHandler done
Event: 169.149 Thread 0x000000001ebfe800 flushing nmethod 0x0000000003a31a50
Event: 169.149 Thread 0x000000001ebfe800 flushing nmethod 0x0000000003a39110
Event: 169.149 Thread 0x000000001ebfe800 flushing nmethod 0x0000000003a58890
Event: 169.149 Thread 0x000000001ebfe800 flushing nmethod 0x0000000003a88650
Event: 229.173 Thread 0x00000000207ad000 Thread added: 0x00000000207ad000
Event: 538.695 Executing VM operation: RedefineClasses
Event: 538.730 Executing VM operation: RedefineClasses done


Dynamic libraries:
0x00007ff757850000 - 0x00007ff757887000 	C:\Program Files\Java\jdk1.8.0_73\bin\javaw.exe
0x00007ff95ea10000 - 0x00007ff95ebf1000 	C:\WINDOWS\SYSTEM32\ntdll.dll
0x00007ff95c9d0000 - 0x00007ff95ca82000 	C:\WINDOWS\System32\KERNEL32.dll
0x00007ff95aa30000 - 0x00007ff95ab57000 	C:\Windows\system32\hmpalert.dll
0x00007ff95b030000 - 0x00007ff95b2a3000 	C:\WINDOWS\System32\KERNELBASE.dll
0x00007ff95e700000 - 0x00007ff95e7a1000 	C:\WINDOWS\System32\ADVAPI32.dll
0x00007ff95c180000 - 0x00007ff95c21e000 	C:\WINDOWS\System32\msvcrt.dll
0x00007ff95cb80000 - 0x00007ff95cbdb000 	C:\WINDOWS\System32\sechost.dll
0x00007ff95c040000 - 0x00007ff95c164000 	C:\WINDOWS\System32\RPCRT4.dll
0x00007ff95c460000 - 0x00007ff95c5f0000 	C:\WINDOWS\System32\USER32.dll
0x00007ff95be80000 - 0x00007ff95bea0000 	C:\WINDOWS\System32\win32u.dll
0x00007ff95e7b0000 - 0x00007ff95e7d8000 	C:\WINDOWS\System32\GDI32.dll
0x00007ff95bc90000 - 0x00007ff95be22000 	C:\WINDOWS\System32\gdi32full.dll
0x00007ff95b430000 - 0x00007ff95b4cf000 	C:\WINDOWS\System32\msvcp_win.dll
0x00007ff95b2b0000 - 0x00007ff95b3aa000 	C:\WINDOWS\System32\ucrtbase.dll
0x00007ff94d080000 - 0x00007ff94d2e9000 	C:\WINDOWS\WinSxS\amd64_microsoft.windows.common-controls_6595b64144ccf1df_6.0.17134.523_none_fb409dd930672a56\COMCTL32.dll
0x00007ff95c5f0000 - 0x00007ff95c912000 	C:\WINDOWS\System32\combase.dll
0x00007ff95b3b0000 - 0x00007ff95b42a000 	C:\WINDOWS\System32\bcryptPrimitives.dll
0x00007ff95c380000 - 0x00007ff95c3ad000 	C:\WINDOWS\System32\IMM32.DLL
0x0000000077a60000 - 0x0000000077b32000 	C:\Program Files\Java\jdk1.8.0_73\jre\bin\msvcr100.dll
0x0000000076940000 - 0x00000000771d0000 	C:\Program Files\Java\jdk1.8.0_73\jre\bin\server\jvm.dll
0x00007ff95cc40000 - 0x00007ff95cc48000 	C:\WINDOWS\System32\PSAPI.DLL
0x00007ff943950000 - 0x00007ff943959000 	C:\WINDOWS\SYSTEM32\WSOCK32.dll
0x00007ff9559a0000 - 0x00007ff9559c3000 	C:\WINDOWS\SYSTEM32\WINMM.dll
0x00007ff9568d0000 - 0x00007ff9568da000 	C:\WINDOWS\SYSTEM32\VERSION.dll
0x00007ff95e630000 - 0x00007ff95e69c000 	C:\WINDOWS\System32\WS2_32.dll
0x00007ff9553c0000 - 0x00007ff9553ea000 	C:\WINDOWS\SYSTEM32\winmmbase.dll
0x00007ff95be30000 - 0x00007ff95be79000 	C:\WINDOWS\System32\cfgmgr32.dll
0x0000000050060000 - 0x000000005006f000 	C:\Program Files\Java\jdk1.8.0_73\jre\bin\verify.dll
0x0000000050030000 - 0x0000000050059000 	C:\Program Files\Java\jdk1.8.0_73\jre\bin\java.dll
0x0000000077a20000 - 0x0000000077a55000 	C:\Program Files\Java\jdk1.8.0_73\jre\bin\jdwp.dll
0x0000000050000000 - 0x0000000050008000 	C:\Program Files\Java\jdk1.8.0_73\jre\bin\npt.dll
0x00000000779f0000 - 0x0000000077a13000 	C:\Program Files\Java\jdk1.8.0_73\jre\bin\instrument.dll
0x0000000050010000 - 0x0000000050026000 	C:\Program Files\Java\jdk1.8.0_73\jre\bin\zip.dll
0x00007ff95cd40000 - 0x00007ff95e180000 	C:\WINDOWS\System32\SHELL32.dll
0x00007ff95c3b0000 - 0x00007ff95c459000 	C:\WINDOWS\System32\shcore.dll
0x00007ff95b580000 - 0x00007ff95bc8d000 	C:\WINDOWS\System32\windows.storage.dll
0x00007ff95e180000 - 0x00007ff95e1d1000 	C:\WINDOWS\System32\shlwapi.dll
0x00007ff95ad40000 - 0x00007ff95ad51000 	C:\WINDOWS\System32\kernel.appcore.dll
0x00007ff95ad60000 - 0x00007ff95ad7f000 	C:\WINDOWS\System32\profapi.dll
0x00007ff95ad90000 - 0x00007ff95addc000 	C:\WINDOWS\System32\powrprof.dll
0x00007ff95ad80000 - 0x00007ff95ad8a000 	C:\WINDOWS\System32\FLTLIB.DLL
0x00000000779e0000 - 0x00000000779e9000 	C:\Program Files\Java\jdk1.8.0_73\jre\bin\dt_socket.dll
0x00007ff9412a0000 - 0x00007ff9412b6000 	C:\WINDOWS\system32\napinsp.dll
0x00007ff941280000 - 0x00007ff94129a000 	C:\WINDOWS\system32\pnrpnsp.dll
0x00007ff957000000 - 0x00007ff957019000 	C:\WINDOWS\system32\NLAapi.dll
0x00007ff95a470000 - 0x00007ff95a4d6000 	C:\WINDOWS\System32\mswsock.dll
0x00007ff95a240000 - 0x00007ff95a2fe000 	C:\WINDOWS\SYSTEM32\DNSAPI.dll
0x00007ff95c170000 - 0x00007ff95c178000 	C:\WINDOWS\System32\NSI.dll
0x00007ff95a1f0000 - 0x00007ff95a228000 	C:\WINDOWS\SYSTEM32\IPHLPAPI.DLL
0x00007ff941270000 - 0x00007ff94127e000 	C:\WINDOWS\System32\winrnr.dll
0x0000000050070000 - 0x00000000500a5000 	C:\Program Files\Bonjour\mdnsNSP.dll
0x00007ff941250000 - 0x00007ff941265000 	C:\WINDOWS\System32\wshbth.dll
0x00007ff9471d0000 - 0x00007ff947242000 	C:\WINDOWS\System32\fwpuclnt.dll
0x00007ff95a750000 - 0x00007ff95a775000 	C:\WINDOWS\SYSTEM32\bcrypt.dll
0x00007ff9471c0000 - 0x00007ff9471ca000 	C:\Windows\System32\rasadhlp.dll
0x00000000779d0000 - 0x00000000779dd000 	C:\Program Files\Java\jdk1.8.0_73\jre\bin\management.dll
0x0000000077b90000 - 0x0000000077baa000 	C:\Program Files\Java\jdk1.8.0_73\jre\bin\net.dll
0x0000000077b70000 - 0x0000000077b81000 	C:\Program Files\Java\jdk1.8.0_73\jre\bin\nio.dll
0x00007ff95a620000 - 0x00007ff95a637000 	C:\WINDOWS\SYSTEM32\CRYPTSP.dll
0x00007ff95a050000 - 0x00007ff95a083000 	C:\WINDOWS\system32\rsaenh.dll
0x00007ff95ac50000 - 0x00007ff95ac78000 	C:\WINDOWS\SYSTEM32\USERENV.dll
0x00007ff95a640000 - 0x00007ff95a64b000 	C:\WINDOWS\SYSTEM32\CRYPTBASE.dll
0x00007ff9524f0000 - 0x00007ff952506000 	C:\WINDOWS\SYSTEM32\dhcpcsvc6.DLL
0x00007ff952530000 - 0x00007ff95254a000 	C:\WINDOWS\SYSTEM32\dhcpcsvc.DLL
0x00007ff9597a0000 - 0x00007ff959969000 	C:\WINDOWS\SYSTEM32\dbghelp.dll

VM Arguments:
jvm_args: -agentlib:jdwp=transport=dt_socket,suspend=y,address=localhost:61669 -javaagent:E:\sts\sts-4.7.2.RELEASE\configuration\org.eclipse.osgi\265\0\.cp\lib\javaagent-shaded.jar -Dfile.encoding=UTF-8 
java_command: com.example.task.TaskApplication
java_class_path (initial): C:\Users\Ashraqut\Downloads\task\task\target\classes;C:\Users\Ashraqut\.m2\repository\org\springframework\boot\spring-boot-starter-data-jpa\2.6.2\spring-boot-starter-data-jpa-2.6.2.jar;C:\Users\Ashraqut\.m2\repository\org\springframework\boot\spring-boot-starter-aop\2.6.2\spring-boot-starter-aop-2.6.2.jar;C:\Users\Ashraqut\.m2\repository\org\springframework\spring-aop\5.3.14\spring-aop-5.3.14.jar;C:\Users\Ashraqut\.m2\repository\org\aspectj\aspectjweaver\1.9.7\aspectjweaver-1.9.7.jar;C:\Users\Ashraqut\.m2\repository\org\springframework\boot\spring-boot-starter-jdbc\2.6.2\spring-boot-starter-jdbc-2.6.2.jar;C:\Users\Ashraqut\.m2\repository\com\zaxxer\HikariCP\4.0.3\HikariCP-4.0.3.jar;C:\Users\Ashraqut\.m2\repository\org\springframework\spring-jdbc\5.3.14\spring-jdbc-5.3.14.jar;C:\Users\Ashraqut\.m2\repository\jakarta\transaction\jakarta.transaction-api\1.3.3\jakarta.transaction-api-1.3.3.jar;C:\Users\Ashraqut\.m2\repository\jakarta\persistence\jakarta.persistence-api\2.2.3\jakarta.persistence-api-2.2.3.jar;C:\Users\Ashraqut\.m2\repository\org\hibernate\hibernate-core\5.6.3.Final\hibernate-core-5.6.3.Final.jar;C:\Users\Ashraqut\.m2\repository\net\bytebuddy\byte-buddy\1.11.22\byte-buddy-1.11.22.jar;C:\Users\Ashraqut\.m2\repository\antlr\antlr\2.7.7\antlr-2.7.7.jar;C:\Users\Ashraqut\.m2\repository\org\jboss\jandex\2.2.3.Final\jandex-2.2.3.Final.jar;C:\Users\Ashraqut\.m2\repository\org\hibernate\common\hibernate-commons-annotations\5.1.2.Final\hibernate-commons-annotations-5.1.2.Final.jar;C:\Users\Ashraqut\.m2\repository\org\glassfish\jaxb\jaxb-runtime\2.3.5\jaxb-runtime-2.3.5.jar;C:\Users\Ashraqut\.m2\repository\org\glassfish\jaxb\txw2\2.3.5\txw2-2.3.5.jar;C:\Users\Ashraqut\.m2\repository\com\sun\istack\istack-commons-runtime\3.0.12\istack-commons-runtime-3.0.12.jar;C:\Users\Ashraqut\.m2\repository\com\sun\activation\jakarta.activation\1.2.2\jakarta.activation-1.2.2.jar;C:\Users\Ashraqut\.m2\repository\org\springframework\data\spring-data-jpa
Launcher Type: SUN_STANDARD

Environment Variables:
JAVA_HOME=C:\Program Files\Java\jdk1.8.0_73
JRE_HOME=C:\Program Files\Java\jre6
USERNAME=Ashraqut
OS=Windows_NT
PROCESSOR_IDENTIFIER=Intel64 Family 6 Model 142 Stepping 10, GenuineIntel



---------------  S Y S T E M  ---------------

OS: Windows 10.0 , 64 bit Build 17134 (10.0.17134.1)

CPU:total 8 (4 cores per cpu, 2 threads per core) family 6 model 142 stepping 10, cmov, cx8, fxsr, mmx, sse, sse2, sse3, ssse3, sse4.1, sse4.2, popcnt, avx, avx2, aes, clmul, erms, 3dnowpref, lzcnt, ht, tsc, tscinvbit, bmi1, bmi2, adx

Memory: 4k page, physical 16669900k(8303264k free), swap 19160268k(6038788k free)

vm_info: Java HotSpot(TM) 64-Bit Server VM (25.73-b02) for windows-amd64 JRE (1.8.0_73-b02), built on Jan 29 2016 17:38:49 by "java_re" with MS VC++ 10.0 (VS2010)

time: Wed Jan 05 15:33:57 2022
elapsed time: 538 seconds (0d 0h 8m 58s)

